2014-11-09 12:24:46,308  INFO Program - ******************* Logging Configured ******************* (c:\Users\Administrator\Desktop\MissionPlanerHm\MissionPlanner 1.3.10\MissionPlanner\Program.cs:47) [10]
2014-11-09 12:24:47,308  INFO MissionPlanner.GCSViews.FlightData - Ctor Start (c:\Users\Administrator\Desktop\MissionPlanerHm\MissionPlanner 1.3.10\MissionPlanner\GCSViews\FlightData.cs:168) [10]
2014-11-09 12:24:49,392  INFO MissionPlanner.GCSViews.FlightData - Components Done (c:\Users\Administrator\Desktop\MissionPlanerHm\MissionPlanner 1.3.10\MissionPlanner\GCSViews\FlightData.cs:172) [10]
2014-11-09 12:24:49,392  INFO MissionPlanner.GCSViews.FlightData - Tunning Graph Settings (c:\Users\Administrator\Desktop\MissionPlanerHm\MissionPlanner 1.3.10\MissionPlanner\GCSViews\FlightData.cs:185) [10]
2014-11-09 12:24:49,402  INFO MissionPlanner.GCSViews.FlightData - HUD Settings (c:\Users\Administrator\Desktop\MissionPlanerHm\MissionPlanner 1.3.10\MissionPlanner\GCSViews\FlightData.cs:209) [10]
2014-11-09 12:24:49,412  INFO MissionPlanner.Common - getModesList Called (c:\Users\Administrator\Desktop\MissionPlanerHm\MissionPlanner 1.3.10\MissionPlanner\Common.cs:541) [10]
2014-11-09 12:24:49,422  INFO MissionPlanner.GCSViews.FlightData - Graph Setup (c:\Users\Administrator\Desktop\MissionPlanerHm\MissionPlanner 1.3.10\MissionPlanner\GCSViews\FlightData.cs:250) [10]
2014-11-09 12:24:49,592  INFO MissionPlanner.GCSViews.FlightData - Map Setup (c:\Users\Administrator\Desktop\MissionPlanerHm\MissionPlanner 1.3.10\MissionPlanner\GCSViews\FlightData.cs:254) [10]
2014-11-09 12:25:00,659  INFO MissionPlanner.MainV2 - Mainv2 ctor (c:\Users\Administrator\Desktop\MissionPlanerHm\MissionPlanner 1.3.10\MissionPlanner\MainV2.cs:285) [Base Thread]
2014-11-09 12:25:00,779  INFO MissionPlanner.Utilities.Speech - TTS: init, mono = False (c:\Users\Administrator\Desktop\MissionPlanerHm\MissionPlanner-02a038ba0a7633d278113d3ed8808bbf8a7f15e4\MissionPlanner-02a038ba0a7633d278113d3ed8808bbf8a7f15e4\ExtLibs\Utilities\Speech.cs:41) [Base Thread]
2014-11-09 12:25:00,799  INFO MissionPlanner.MainV2 - Create FD (c:\Users\Administrator\Desktop\MissionPlanerHm\MissionPlanner 1.3.10\MissionPlanner\MainV2.cs:466) [Base Thread]
2014-11-09 12:25:00,799  INFO MissionPlanner.GCSViews.FlightData - Ctor Start (c:\Users\Administrator\Desktop\MissionPlanerHm\MissionPlanner 1.3.10\MissionPlanner\GCSViews\FlightData.cs:168) [Base Thread]
2014-11-09 12:25:01,829  INFO MissionPlanner.GCSViews.FlightData - Components Done (c:\Users\Administrator\Desktop\MissionPlanerHm\MissionPlanner 1.3.10\MissionPlanner\GCSViews\FlightData.cs:172) [Base Thread]
2014-11-09 12:25:01,829  INFO MissionPlanner.GCSViews.FlightData - Tunning Graph Settings (c:\Users\Administrator\Desktop\MissionPlanerHm\MissionPlanner 1.3.10\MissionPlanner\GCSViews\FlightData.cs:185) [Base Thread]
2014-11-09 12:25:01,829  INFO MissionPlanner.GCSViews.FlightData - HUD Settings (c:\Users\Administrator\Desktop\MissionPlanerHm\MissionPlanner 1.3.10\MissionPlanner\GCSViews\FlightData.cs:209) [Base Thread]
2014-11-09 12:25:01,839  INFO MissionPlanner.Common - getModesList Called (c:\Users\Administrator\Desktop\MissionPlanerHm\MissionPlanner 1.3.10\MissionPlanner\Common.cs:541) [Base Thread]
2014-11-09 12:25:01,839  INFO MissionPlanner.GCSViews.FlightData - Graph Setup (c:\Users\Administrator\Desktop\MissionPlanerHm\MissionPlanner 1.3.10\MissionPlanner\GCSViews\FlightData.cs:250) [Base Thread]
2014-11-09 12:25:01,839  INFO MissionPlanner.GCSViews.FlightData - Map Setup (c:\Users\Administrator\Desktop\MissionPlanerHm\MissionPlanner 1.3.10\MissionPlanner\GCSViews\FlightData.cs:254) [Base Thread]
2014-11-09 12:25:01,839  INFO MissionPlanner.MainV2 - Create FP (c:\Users\Administrator\Desktop\MissionPlanerHm\MissionPlanner 1.3.10\MissionPlanner\MainV2.cs:468) [Base Thread]
2014-11-09 12:25:02,239  INFO MissionPlanner.MainV2 - Create SIM (c:\Users\Administrator\Desktop\MissionPlanerHm\MissionPlanner 1.3.10\MissionPlanner\MainV2.cs:471) [Base Thread]
2014-11-09 12:25:02,389  INFO MissionPlanner.MainV2 - Create Python (c:\Users\Administrator\Desktop\MissionPlanerHm\MissionPlanner 1.3.10\MissionPlanner\MainV2.cs:477) [Base Thread]
2014-11-09 12:25:04,769  INFO MissionPlanner.GCSViews.FlightData - Activate Called (c:\Users\Administrator\Desktop\MissionPlanerHm\MissionPlanner 1.3.10\MissionPlanner\GCSViews\FlightData.cs:457) [Base Thread]
2014-11-09 12:25:07,789 DEBUG MissionPlanner.Utilities.Tracking - v=1&tid=UA-43098846-1&cid=94a3ae52-e850-4bd9-9aec-c95f26c42b44&t=appview&an=Mission+Planner&av=1.3.10&cd=MissionPlanner.GCSViews.FlightData&dp=MissionPlanner.GCSViews.FlightData&dt=FlightData&sc=start&ul=en-US&sd=32-bits&sr=1680x1050&cd1=Microsoft+Windows+NT+6.1.7601+Service+Pack+1&cd4=4&z=1736917655 (c:\Users\Administrator\Desktop\MissionPlanerHm\MissionPlanner-02a038ba0a7633d278113d3ed8808bbf8a7f15e4\MissionPlanner-02a038ba0a7633d278113d3ed8808bbf8a7f15e4\ExtLibs\Utilities\Tracking.cs:273) [15]
2014-11-09 12:25:08,129 DEBUG MissionPlanner.Utilities.Tracking - OK (c:\Users\Administrator\Desktop\MissionPlanerHm\MissionPlanner-02a038ba0a7633d278113d3ed8808bbf8a7f15e4\MissionPlanner-02a038ba0a7633d278113d3ed8808bbf8a7f15e4\ExtLibs\Utilities\Tracking.cs:285) [15]
2014-11-09 12:25:08,909  INFO MissionPlanner.Controls.HUD - Vendor: ATI Technologies Inc. (c:\Users\Administrator\Desktop\MissionPlanerHm\MissionPlanner 1.3.10\MissionPlanner\ExtLibs\Controls\HUD.cs:317) [Base Thread]
2014-11-09 12:25:08,909  INFO MissionPlanner.Controls.HUD - Version: 4.2.11762 Compatibility Profile Context (c:\Users\Administrator\Desktop\MissionPlanerHm\MissionPlanner 1.3.10\MissionPlanner\ExtLibs\Controls\HUD.cs:318) [Base Thread]
2014-11-09 12:25:08,909  INFO MissionPlanner.Controls.HUD - Device: AMD Radeon HD 6800 Series (c:\Users\Administrator\Desktop\MissionPlanerHm\MissionPlanner 1.3.10\MissionPlanner\ExtLibs\Controls\HUD.cs:319) [Base Thread]
2014-11-09 12:25:09,549  INFO MissionPlanner.Utilities.httpserver - Listening for client (c:\Users\Administrator\Desktop\MissionPlanerHm\MissionPlanner 1.3.10\MissionPlanner\Utilities\httpserver.cs:79) [motion jpg stream-network kml]
2014-11-09 12:25:09,569  INFO MissionPlanner.MainV2 - Load Pluggins (c:\Users\Administrator\Desktop\MissionPlanerHm\MissionPlanner 1.3.10\MissionPlanner\MainV2.cs:2044) [Base Thread]
2014-11-09 12:25:09,579 DEBUG MissionPlanner.Utilities.Update - C:\Users\Administrator\Desktop\MissionPlanerHm\MissionPlanner 1.3.10\MissionPlanner\bin\Debug\version.txt (c:\Users\Administrator\Desktop\MissionPlanerHm\MissionPlanner 1.3.10\MissionPlanner\Utilities\Update.cs:100) [16]
2014-11-09 12:25:09,579  INFO MissionPlanner.Utilities.Update - Checking for update at: http://firmware.diydrones.com/MissionPlanner/upgrade/version.txt (c:\Users\Administrator\Desktop\MissionPlanerHm\MissionPlanner 1.3.10\MissionPlanner\Utilities\Update.cs:104) [16]
2014-11-09 12:25:09,629  INFO MissionPlanner.Plugin.PluginLoader - Plugin Init Grid 0.1 by Michael Oborne (c:\Users\Administrator\Desktop\MissionPlanerHm\MissionPlanner 1.3.10\MissionPlanner\Plugin\PluginLoader.cs:58) [Base Thread]
2014-11-09 12:25:09,639  INFO MissionPlanner.Plugin.PluginLoader - Plugin Init Grid 0.1 by Michael Oborne (c:\Users\Administrator\Desktop\MissionPlanerHm\MissionPlanner 1.3.10\MissionPlanner\Plugin\PluginLoader.cs:58) [Base Thread]
2014-11-09 12:25:09,649  INFO MissionPlanner.Plugin.PluginLoader - Plugin Init Plugin Test 0.1 by Michael Oborne (c:\Users\Administrator\Desktop\MissionPlanerHm\MissionPlanner 1.3.10\MissionPlanner\Plugin\PluginLoader.cs:58) [Base Thread]
2014-11-09 12:25:09,769  INFO MissionPlanner.MainV2 - Load Pluggins Done (c:\Users\Administrator\Desktop\MissionPlanerHm\MissionPlanner 1.3.10\MissionPlanner\MainV2.cs:2046) [Base Thread]
2014-11-09 12:25:09,779 DEBUG MissionPlanner.Utilities.Tracking - v=1&tid=UA-43098846-1&cid=94a3ae52-e850-4bd9-9aec-c95f26c42b44&t=timing&an=Mission+Planner&av=1.3.10&cd=MissionPlanner.GCSViews.FlightData&dp=MissionPlanner.GCSViews.FlightData&utc=AppLoad&utv=Load+Time&utt=30233&utl=&ul=en-US&sd=32-bits&sr=1680x1050&cd1=Microsoft+Windows+NT+6.1.7601+Service+Pack+1&cd4=4&z=197928730 (c:\Users\Administrator\Desktop\MissionPlanerHm\MissionPlanner-02a038ba0a7633d278113d3ed8808bbf8a7f15e4\MissionPlanner-02a038ba0a7633d278113d3ed8808bbf8a7f15e4\ExtLibs\Utilities\Tracking.cs:273) [31]
2014-11-09 12:25:09,821  INFO MissionPlanner.Utilities.Firmware - getFWList (c:\Users\Administrator\Desktop\MissionPlanerHm\MissionPlanner 1.3.10\MissionPlanner\Utilities\Firmware.cs:155) [33]
2014-11-09 12:25:09,823  INFO MissionPlanner.Utilities.Firmware - url: https://raw.github.com/diydrones/binary/master/Firmware/firmware2.xml (c:\Users\Administrator\Desktop\MissionPlanerHm\MissionPlanner 1.3.10\MissionPlanner\Utilities\Firmware.cs:184) [33]
2014-11-09 12:25:09,933 DEBUG MissionPlanner.Utilities.Update - Response status: OK (c:\Users\Administrator\Desktop\MissionPlanerHm\MissionPlanner 1.3.10\MissionPlanner\Utilities\Update.cs:119) [16]
2014-11-09 12:25:09,933  INFO MissionPlanner.Utilities.Update - File does not exist: Getting C:\Users\Administrator\Desktop\MissionPlanerHm\MissionPlanner 1.3.10\MissionPlanner\bin\Debug\version.txt (c:\Users\Administrator\Desktop\MissionPlanerHm\MissionPlanner 1.3.10\MissionPlanner\Utilities\Update.cs:155) [16]
2014-11-09 12:25:09,943 DEBUG MissionPlanner.Utilities.Tracking - OK (c:\Users\Administrator\Desktop\MissionPlanerHm\MissionPlanner-02a038ba0a7633d278113d3ed8808bbf8a7f15e4\MissionPlanner-02a038ba0a7633d278113d3ed8808bbf8a7f15e4\ExtLibs\Utilities\Tracking.cs:285) [31]
2014-11-09 12:25:10,093  INFO MissionPlanner.MainV2 - Loaded 5472 airports (c:\Users\Administrator\Desktop\MissionPlanerHm\MissionPlanner 1.3.10\MissionPlanner\MainV2.cs:636) [7]
2014-11-09 12:25:10,543  INFO MissionPlanner.Utilities.Firmware - Get url http://firmware.diydrones.com/Plane/stable/apm2/git-version.txt (c:\Users\Administrator\Desktop\MissionPlanerHm\MissionPlanner 1.3.10\MissionPlanner\Utilities\Firmware.cs:365) [32]
2014-11-09 12:25:10,543  INFO MissionPlanner.Utilities.Firmware - Get url http://firmware.diydrones.com/Rover/stable/apm2/git-version.txt (c:\Users\Administrator\Desktop\MissionPlanerHm\MissionPlanner 1.3.10\MissionPlanner\Utilities\Firmware.cs:365) [31]
2014-11-09 12:25:10,543  INFO MissionPlanner.Utilities.Firmware - Get url http://firmware.diydrones.com/Copter/stable/apm2-quad/git-version.txt (c:\Users\Administrator\Desktop\MissionPlanerHm\MissionPlanner 1.3.10\MissionPlanner\Utilities\Firmware.cs:365) [7]
2014-11-09 12:25:10,543  INFO MissionPlanner.Utilities.Firmware - Get url http://firmware.diydrones.com/Plane/stable/apm2-hilsensors/git-version.txt (c:\Users\Administrator\Desktop\MissionPlanerHm\MissionPlanner 1.3.10\MissionPlanner\Utilities\Firmware.cs:365) [34]
2014-11-09 12:25:10,753  INFO MissionPlanner.Utilities.Firmware - APMVERSION: ArduPlane V3.1.1 (c:\Users\Administrator\Desktop\MissionPlanerHm\MissionPlanner 1.3.10\MissionPlanner\Utilities\Firmware.cs:380) [32]
2014-11-09 12:25:10,763  INFO MissionPlanner.Utilities.Firmware - Get url http://firmware.diydrones.com/Copter/stable/apm2-tri/git-version.txt (c:\Users\Administrator\Desktop\MissionPlanerHm\MissionPlanner 1.3.10\MissionPlanner\Utilities\Firmware.cs:365) [32]
2014-11-09 12:25:10,773  INFO MissionPlanner.Utilities.Firmware - APMVERSION: ArduRover v2.46 (c:\Users\Administrator\Desktop\MissionPlanerHm\MissionPlanner 1.3.10\MissionPlanner\Utilities\Firmware.cs:380) [31]
2014-11-09 12:25:10,773  INFO MissionPlanner.Utilities.Firmware - Get url http://firmware.diydrones.com/Copter/stable/apm2-hexa/git-version.txt (c:\Users\Administrator\Desktop\MissionPlanerHm\MissionPlanner 1.3.10\MissionPlanner\Utilities\Firmware.cs:365) [31]
2014-11-09 12:25:10,773  INFO MissionPlanner.Utilities.Firmware - APMVERSION: ArduPlane V3.1.1 (c:\Users\Administrator\Desktop\MissionPlanerHm\MissionPlanner 1.3.10\MissionPlanner\Utilities\Firmware.cs:380) [34]
2014-11-09 12:25:10,773  INFO MissionPlanner.Utilities.Firmware - Get url http://firmware.diydrones.com/Copter/stable/apm2-y6/git-version.txt (c:\Users\Administrator\Desktop\MissionPlanerHm\MissionPlanner 1.3.10\MissionPlanner\Utilities\Firmware.cs:365) [34]
2014-11-09 12:25:10,893  INFO MissionPlanner.Utilities.Firmware - APMVERSION: ArduCopter V3.1.5 (c:\Users\Administrator\Desktop\MissionPlanerHm\MissionPlanner 1.3.10\MissionPlanner\Utilities\Firmware.cs:380) [7]
2014-11-09 12:25:10,893  INFO MissionPlanner.Utilities.Firmware - APMVERSION: ArduCopter V3.1.5 (c:\Users\Administrator\Desktop\MissionPlanerHm\MissionPlanner 1.3.10\MissionPlanner\Utilities\Firmware.cs:380) [31]
2014-11-09 12:25:10,893  INFO MissionPlanner.Utilities.Firmware - APMVERSION: ArduCopter V3.1.5 (c:\Users\Administrator\Desktop\MissionPlanerHm\MissionPlanner 1.3.10\MissionPlanner\Utilities\Firmware.cs:380) [34]
2014-11-09 12:25:10,973  INFO MissionPlanner.Utilities.Firmware - APMVERSION: ArduCopter V3.1.5 (c:\Users\Administrator\Desktop\MissionPlanerHm\MissionPlanner 1.3.10\MissionPlanner\Utilities\Firmware.cs:380) [32]
2014-11-09 12:25:11,525  INFO MissionPlanner.Utilities.Firmware - Get url http://firmware.diydrones.com/Copter/stable/apm2-octa-quad/git-version.txt (c:\Users\Administrator\Desktop\MissionPlanerHm\MissionPlanner 1.3.10\MissionPlanner\Utilities\Firmware.cs:365) [7]
2014-11-09 12:25:11,645  INFO MissionPlanner.Utilities.Firmware - APMVERSION: ArduCopter V3.1.5 (c:\Users\Administrator\Desktop\MissionPlanerHm\MissionPlanner 1.3.10\MissionPlanner\Utilities\Firmware.cs:380) [7]
2014-11-09 12:25:11,645  INFO MissionPlanner.Utilities.Firmware - Get url http://firmware.diydrones.com/Copter/stable/apm2-octa/git-version.txt (c:\Users\Administrator\Desktop\MissionPlanerHm\MissionPlanner 1.3.10\MissionPlanner\Utilities\Firmware.cs:365) [7]
2014-11-09 12:25:11,765  INFO MissionPlanner.Utilities.Firmware - APMVERSION: ArduCopter V3.1.5 (c:\Users\Administrator\Desktop\MissionPlanerHm\MissionPlanner 1.3.10\MissionPlanner\Utilities\Firmware.cs:380) [7]
2014-11-09 12:25:11,765  INFO MissionPlanner.Utilities.Firmware - Get url http://firmware.diydrones.com/Copter/stable/apm2-heli/git-version.txt (c:\Users\Administrator\Desktop\MissionPlanerHm\MissionPlanner 1.3.10\MissionPlanner\Utilities\Firmware.cs:365) [7]
2014-11-09 12:25:11,885  INFO MissionPlanner.Utilities.Firmware - APMVERSION: ArduCopter V3.1.5 (c:\Users\Administrator\Desktop\MissionPlanerHm\MissionPlanner 1.3.10\MissionPlanner\Utilities\Firmware.cs:380) [7]
2014-11-09 12:25:11,885  INFO MissionPlanner.Utilities.Firmware - Get url http://firmware.diydrones.com/Copter/stable/apm2-quad-hil/git-version.txt (c:\Users\Administrator\Desktop\MissionPlanerHm\MissionPlanner 1.3.10\MissionPlanner\Utilities\Firmware.cs:365) [7]
2014-11-09 12:25:12,005  INFO MissionPlanner.Utilities.Firmware - APMVERSION: ArduCopter V3.1.5 (c:\Users\Administrator\Desktop\MissionPlanerHm\MissionPlanner 1.3.10\MissionPlanner\Utilities\Firmware.cs:380) [7]
2014-11-09 12:25:12,005  INFO MissionPlanner.Utilities.Firmware - Get url http://firmware.diydrones.com/Copter/stable/apm2-heli-hil/git-version.txt (c:\Users\Administrator\Desktop\MissionPlanerHm\MissionPlanner 1.3.10\MissionPlanner\Utilities\Firmware.cs:365) [7]
2014-11-09 12:25:12,125  INFO MissionPlanner.Utilities.Firmware - APMVERSION: ArduCopter V3.1.5 (c:\Users\Administrator\Desktop\MissionPlanerHm\MissionPlanner 1.3.10\MissionPlanner\Utilities\Firmware.cs:380) [7]
2014-11-09 12:25:12,125  INFO MissionPlanner.Utilities.Firmware - Get url http://firmware.diydrones.com/AntennaTracker/latest/apm2/git-version.txt (c:\Users\Administrator\Desktop\MissionPlanerHm\MissionPlanner 1.3.10\MissionPlanner\Utilities\Firmware.cs:365) [7]
2014-11-09 12:25:12,235  INFO MissionPlanner.Utilities.Firmware - APMVERSION: AntennaTracker V0.2 (c:\Users\Administrator\Desktop\MissionPlanerHm\MissionPlanner 1.3.10\MissionPlanner\Utilities\Firmware.cs:380) [7]
2014-11-09 12:25:12,265  INFO MissionPlanner.Utilities.Firmware - load done (c:\Users\Administrator\Desktop\MissionPlanerHm\MissionPlanner 1.3.10\MissionPlanner\Utilities\Firmware.cs:309) [33]
2014-11-09 12:25:15,487  INFO MissionPlanner.Utilities.Airports - getAirports - regen list (c:\Users\Administrator\Desktop\MissionPlanerHm\MissionPlanner 1.3.10\MissionPlanner\Utilities\Airports.cs:64) [FD Mainloop]
2014-11-09 12:25:15,497  INFO MissionPlanner.Utilities.Airports - getAirports done 0.0100001 sec (c:\Users\Administrator\Desktop\MissionPlanerHm\MissionPlanner 1.3.10\MissionPlanner\Utilities\Airports.cs:79) [FD Mainloop]
2014-11-09 12:25:50,967  INFO MissionPlanner.MainV2 - MainV2_FormClosing (c:\Users\Administrator\Desktop\MissionPlanerHm\MissionPlanner 1.3.10\MissionPlanner\MainV2.cs:1140) [Base Thread]
2014-11-09 12:25:50,967  INFO MissionPlanner.Utilities.adsb - adsb stop (c:\Users\Administrator\Desktop\MissionPlanerHm\MissionPlanner-02a038ba0a7633d278113d3ed8808bbf8a7f15e4\MissionPlanner-02a038ba0a7633d278113d3ed8808bbf8a7f15e4\ExtLibs\Utilities\adsb.cs:50) [Base Thread]
2014-11-09 12:25:50,967  INFO MissionPlanner.Utilities.adsb - adsb stopped (c:\Users\Administrator\Desktop\MissionPlanerHm\MissionPlanner-02a038ba0a7633d278113d3ed8808bbf8a7f15e4\MissionPlanner-02a038ba0a7633d278113d3ed8808bbf8a7f15e4\ExtLibs\Utilities\adsb.cs:60) [Base Thread]
2014-11-09 12:25:51,027  INFO MissionPlanner.MainV2 - closing pluginthread (c:\Users\Administrator\Desktop\MissionPlanerHm\MissionPlanner 1.3.10\MissionPlanner\MainV2.cs:1167) [Base Thread]
2014-11-09 12:25:51,037  INFO MissionPlanner.MainV2 - closing serialthread (c:\Users\Administrator\Desktop\MissionPlanerHm\MissionPlanner 1.3.10\MissionPlanner\MainV2.cs:1173) [Base Thread]
2014-11-09 12:25:51,067  INFO MissionPlanner.MainV2 - closing joystickthread (c:\Users\Administrator\Desktop\MissionPlanerHm\MissionPlanner 1.3.10\MissionPlanner\MainV2.cs:1179) [Base Thread]
2014-11-09 12:25:51,087  INFO MissionPlanner.MainV2 - closing httpthread (c:\Users\Administrator\Desktop\MissionPlanerHm\MissionPlanner 1.3.10\MissionPlanner\MainV2.cs:1185) [Base Thread]
2014-11-09 12:25:51,087  INFO MissionPlanner.MainV2 - sorting tlogs (c:\Users\Administrator\Desktop\MissionPlanerHm\MissionPlanner 1.3.10\MissionPlanner\MainV2.cs:1190) [Base Thread]
2014-11-09 12:25:51,087  INFO MissionPlanner.MainV2 - closing MyView (c:\Users\Administrator\Desktop\MissionPlanerHm\MissionPlanner 1.3.10\MissionPlanner\MainV2.cs:1205) [Base Thread]
2014-11-09 12:25:51,197  INFO MissionPlanner.MainV2 - closing fd (c:\Users\Administrator\Desktop\MissionPlanerHm\MissionPlanner 1.3.10\MissionPlanner\MainV2.cs:1210) [Base Thread]
2014-11-09 12:25:51,197  INFO MissionPlanner.MainV2 - closing fp (c:\Users\Administrator\Desktop\MissionPlanerHm\MissionPlanner 1.3.10\MissionPlanner\MainV2.cs:1216) [Base Thread]
2014-11-09 12:25:51,197  INFO MissionPlanner.MainV2 - closing sim (c:\Users\Administrator\Desktop\MissionPlanerHm\MissionPlanner 1.3.10\MissionPlanner\MainV2.cs:1222) [Base Thread]
2014-11-09 12:25:51,197  INFO MissionPlanner.MainV2 - save config (c:\Users\Administrator\Desktop\MissionPlanerHm\MissionPlanner 1.3.10\MissionPlanner\MainV2.cs:1236) [Base Thread]
2014-11-09 12:25:51,197  INFO MissionPlanner.MainV2 - MainV2_FormClosing done (c:\Users\Administrator\Desktop\MissionPlanerHm\MissionPlanner 1.3.10\MissionPlanner\MainV2.cs:1245) [Base Thread]
2014-11-09 13:46:17,047  INFO Program - ******************* Logging Configured ******************* (c:\Users\Administrator\Desktop\MissionPlanerHm\MissionPlanner 1.3.10\MissionPlanner\Program.cs:47) [8]
2014-11-09 13:46:18,738  INFO MissionPlanner.GCSViews.FlightData - Ctor Start (c:\Users\Administrator\Desktop\MissionPlanerHm\MissionPlanner 1.3.10\MissionPlanner\GCSViews\FlightData.cs:168) [8]
2014-11-09 13:46:21,058  INFO MissionPlanner.GCSViews.FlightData - Components Done (c:\Users\Administrator\Desktop\MissionPlanerHm\MissionPlanner 1.3.10\MissionPlanner\GCSViews\FlightData.cs:172) [8]
2014-11-09 13:46:21,058  INFO MissionPlanner.GCSViews.FlightData - Tunning Graph Settings (c:\Users\Administrator\Desktop\MissionPlanerHm\MissionPlanner 1.3.10\MissionPlanner\GCSViews\FlightData.cs:185) [8]
2014-11-09 13:46:21,088  INFO MissionPlanner.GCSViews.FlightData - HUD Settings (c:\Users\Administrator\Desktop\MissionPlanerHm\MissionPlanner 1.3.10\MissionPlanner\GCSViews\FlightData.cs:209) [8]
2014-11-09 13:46:21,088  INFO MissionPlanner.Common - getModesList Called (c:\Users\Administrator\Desktop\MissionPlanerHm\MissionPlanner 1.3.10\MissionPlanner\Common.cs:541) [8]
2014-11-09 13:46:21,138  INFO MissionPlanner.GCSViews.FlightData - Graph Setup (c:\Users\Administrator\Desktop\MissionPlanerHm\MissionPlanner 1.3.10\MissionPlanner\GCSViews\FlightData.cs:250) [8]
2014-11-09 13:46:21,288  INFO MissionPlanner.GCSViews.FlightData - Map Setup (c:\Users\Administrator\Desktop\MissionPlanerHm\MissionPlanner 1.3.10\MissionPlanner\GCSViews\FlightData.cs:254) [8]
2014-11-09 13:46:35,192  INFO MissionPlanner.MainV2 - Mainv2 ctor (c:\Users\Administrator\Desktop\MissionPlanerHm\MissionPlanner 1.3.10\MissionPlanner\MainV2.cs:285) [Base Thread]
2014-11-09 13:46:35,342  INFO MissionPlanner.Utilities.Speech - TTS: init, mono = False (c:\Users\Administrator\Desktop\MissionPlanerHm\MissionPlanner-02a038ba0a7633d278113d3ed8808bbf8a7f15e4\MissionPlanner-02a038ba0a7633d278113d3ed8808bbf8a7f15e4\ExtLibs\Utilities\Speech.cs:41) [Base Thread]
2014-11-09 13:46:35,482  INFO MissionPlanner.MainV2 - Create FD (c:\Users\Administrator\Desktop\MissionPlanerHm\MissionPlanner 1.3.10\MissionPlanner\MainV2.cs:466) [Base Thread]
2014-11-09 13:46:35,482  INFO MissionPlanner.GCSViews.FlightData - Ctor Start (c:\Users\Administrator\Desktop\MissionPlanerHm\MissionPlanner 1.3.10\MissionPlanner\GCSViews\FlightData.cs:168) [Base Thread]
2014-11-09 13:46:36,556  INFO MissionPlanner.GCSViews.FlightData - Components Done (c:\Users\Administrator\Desktop\MissionPlanerHm\MissionPlanner 1.3.10\MissionPlanner\GCSViews\FlightData.cs:172) [Base Thread]
2014-11-09 13:46:36,566  INFO MissionPlanner.GCSViews.FlightData - Tunning Graph Settings (c:\Users\Administrator\Desktop\MissionPlanerHm\MissionPlanner 1.3.10\MissionPlanner\GCSViews\FlightData.cs:185) [Base Thread]
2014-11-09 13:46:36,566  INFO MissionPlanner.GCSViews.FlightData - HUD Settings (c:\Users\Administrator\Desktop\MissionPlanerHm\MissionPlanner 1.3.10\MissionPlanner\GCSViews\FlightData.cs:209) [Base Thread]
2014-11-09 13:46:36,576  INFO MissionPlanner.Common - getModesList Called (c:\Users\Administrator\Desktop\MissionPlanerHm\MissionPlanner 1.3.10\MissionPlanner\Common.cs:541) [Base Thread]
2014-11-09 13:46:36,576  INFO MissionPlanner.GCSViews.FlightData - Graph Setup (c:\Users\Administrator\Desktop\MissionPlanerHm\MissionPlanner 1.3.10\MissionPlanner\GCSViews\FlightData.cs:250) [Base Thread]
2014-11-09 13:46:36,576  INFO MissionPlanner.GCSViews.FlightData - Map Setup (c:\Users\Administrator\Desktop\MissionPlanerHm\MissionPlanner 1.3.10\MissionPlanner\GCSViews\FlightData.cs:254) [Base Thread]
2014-11-09 13:46:36,576  INFO MissionPlanner.MainV2 - Create FP (c:\Users\Administrator\Desktop\MissionPlanerHm\MissionPlanner 1.3.10\MissionPlanner\MainV2.cs:468) [Base Thread]
2014-11-09 13:46:37,036  INFO MissionPlanner.MainV2 - Create SIM (c:\Users\Administrator\Desktop\MissionPlanerHm\MissionPlanner 1.3.10\MissionPlanner\MainV2.cs:471) [Base Thread]
2014-11-09 13:46:37,186  INFO MissionPlanner.MainV2 - Create Python (c:\Users\Administrator\Desktop\MissionPlanerHm\MissionPlanner 1.3.10\MissionPlanner\MainV2.cs:477) [Base Thread]
